<?xml version="1.0" encoding="UTF-8"?>
<!-- Generated by org.testng.reporters.JUnitReportReporter -->
<testsuite hostname="DESKTOP-MN43DGH" failures="0" tests="1" name="com.training.testcases.LoginTest" time="5.669" errors="0" timestamp="2024-07-20T23:27:58 PDT" skipped="0">
  <testcase classname="com.training.testcases.LoginTest" name="LoginintoApplication" time="5.669"/>
  <system-out/>
</testsuite> <!-- com.training.testcases.LoginTest -->
